<?xml version="1.0" encoding="UTF-8"?>
<!-- Generated by org.testng.reporters.JUnitXMLReporter -->
<testsuite hostname="Plutonium" name="Default test" tests="4" failures="0" timestamp="21 Jan 2016 19:56:44 GMT" time="0.426" errors="0">
  <testcase name="loadListedWrapper" time="0.054" classname="net.alantea.xlayer.junit.SimpleObjectLoadTest"/>
  <testcase name="loadSimpleObjects" time="0.019" classname="net.alantea.xlayer.junit.SimpleObjectLoadTest"/>
  <testcase name="loadSimpleWrapper" time="0.013" classname="net.alantea.xlayer.junit.SimpleObjectLoadTest"/>
  <testcase name="methodsTest" time="0.016" classname="net.alantea.xlayer.junit.SimpleObjectLoadTest"/>
</testsuite> <!-- Default test -->
