<?xml version="1.0" encoding="UTF-8"?>
<!-- Generated by org.testng.reporters.JUnitXMLReporter -->
<testsuite hostname="Plutonium" name="Default test" tests="4" failures="0" timestamp="22 Jan 2016 20:25:25 GMT" time="0.505" errors="0">
  <testcase name="loadListedWrapper" time="0.07" classname="net.alantea.xlayer.junit.SimpleObjectLoadTest"/>
  <testcase name="loadSimpleObjects" time="0.022" classname="net.alantea.xlayer.junit.SimpleObjectLoadTest"/>
  <testcase name="loadSimpleWrapper" time="0.014" classname="net.alantea.xlayer.junit.SimpleObjectLoadTest"/>
  <testcase name="methodsTest" time="0.02" classname="net.alantea.xlayer.junit.SimpleObjectLoadTest"/>
</testsuite> <!-- Default test -->
